2024-12-18 09:23:41 - INFO - Iniciando procesamiento en: D:\desa\tfm\datos_sinteticos\20241218-092242
2024-12-18 09:23:41 - INFO - Resultados se guardarán en: D:\desa\tfm\datos_sinteticos\20241218-092242\results
2024-12-18 09:23:41 - INFO - Iniciando procesamiento con límites de tiempo:
2024-12-18 09:23:41 - INFO - - 5 minutos si se encuentra solución válida
2024-12-18 09:23:41 - INFO - - 15 minutos si no se encuentra solución
2024-12-18 09:23:41 - INFO - Archivo log.txt leído correctamente con codificación cp1252
2024-12-18 09:23:41 - INFO - Encontrados 100 archivos para procesar
2024-12-18 09:23:41 - INFO - Procesando archivo 1/100: DatosGestionTribunales-001.xlsx
2024-12-18 09:23:41 - INFO - Ejecutando algoritmos para DatosGestionTribunales-001.xlsx
2024-12-18 09:23:55 - INFO - Procesamiento completado para DatosGestionTribunales-001.xlsx
2024-12-18 09:23:55 - INFO - Procesando archivo 2/100: DatosGestionTribunales-002.xlsx
2024-12-18 09:23:55 - INFO - Ejecutando algoritmos para DatosGestionTribunales-002.xlsx
2024-12-18 09:24:09 - INFO - Procesamiento completado para DatosGestionTribunales-002.xlsx
2024-12-18 09:24:09 - INFO - Procesando archivo 3/100: DatosGestionTribunales-003.xlsx
2024-12-18 09:24:09 - INFO - Ejecutando algoritmos para DatosGestionTribunales-003.xlsx
2024-12-18 09:24:19 - INFO - Procesamiento completado para DatosGestionTribunales-003.xlsx
2024-12-18 09:24:19 - INFO - Procesando archivo 4/100: DatosGestionTribunales-004.xlsx
2024-12-18 09:24:19 - INFO - Ejecutando algoritmos para DatosGestionTribunales-004.xlsx
2024-12-18 09:24:33 - INFO - Procesamiento completado para DatosGestionTribunales-004.xlsx
2024-12-18 09:24:33 - INFO - Procesando archivo 5/100: DatosGestionTribunales-005.xlsx
2024-12-18 09:24:33 - INFO - Ejecutando algoritmos para DatosGestionTribunales-005.xlsx
2024-12-18 09:24:46 - INFO - Procesamiento completado para DatosGestionTribunales-005.xlsx
2024-12-18 09:24:46 - INFO - Procesando archivo 6/100: DatosGestionTribunales-006.xlsx
2024-12-18 09:24:46 - INFO - Ejecutando algoritmos para DatosGestionTribunales-006.xlsx
2024-12-18 09:25:40 - INFO - Procesamiento completado para DatosGestionTribunales-006.xlsx
2024-12-18 09:25:40 - INFO - Procesando archivo 7/100: DatosGestionTribunales-007.xlsx
2024-12-18 09:25:40 - INFO - Ejecutando algoritmos para DatosGestionTribunales-007.xlsx
2024-12-18 09:28:14 - INFO - Procesamiento completado para DatosGestionTribunales-007.xlsx
2024-12-18 09:28:14 - INFO - Procesando archivo 8/100: DatosGestionTribunales-008.xlsx
2024-12-18 09:28:14 - INFO - Ejecutando algoritmos para DatosGestionTribunales-008.xlsx
2024-12-18 09:39:32 - INFO - Proceso detenido después de 950.65 segundos: se ha alcanzado el límite de tiempo con solución válida (5 minutos)
2024-12-18 09:39:32 - INFO - Procesamiento completado para DatosGestionTribunales-008.xlsx
2024-12-18 09:39:32 - INFO - Proceso detenido después de 950.67 segundos: se ha alcanzado el límite de tiempo con solución válida (5 minutos)
2024-12-18 09:39:32 - INFO - 
Procesamiento completado:
2024-12-18 09:39:32 - INFO - Tiempo total de ejecución: 950.67 segundos
2024-12-18 09:39:32 - INFO - Total archivos: 100
2024-12-18 09:39:32 - INFO - Procesados con éxito: 8
2024-12-18 09:39:32 - INFO - Fallidos o no procesados: 92
